#
# A fatal error has been detected by the Java Runtime Environment:
#
#  SIGSEGV (0xb) at pc=0x00007f751b40d381, pid=7198, tid=7215
#
# JRE version: OpenJDK Runtime Environment (11.0.15+10) (build 11.0.15+10-Ubuntu-0ubuntu0.18.04.1)
# Java VM: OpenJDK 64-Bit Server VM (11.0.15+10-Ubuntu-0ubuntu0.18.04.1, mixed mode, sharing, tiered, compressed oops, g1 gc, linux-amd64)
# Problematic frame:
# C  [libjimage.so+0x2381]
#
# Core dump will be written. Default location: Core dumps may be processed with "/usr/share/apport/apport %p %s %c %d %P %E" (or dumping to /home/rushikesh/eclipse-workspace/Fundamental/core.7198)
#
# If you would like to submit a bug report, please visit:
#   Unknown
#

---------------  S U M M A R Y ------------

Command Line: -agentlib:jdwp=transport=dt_socket,suspend=y,address=localhost:37623 -javaagent:/home/rushikesh/eclipse/java-2022-03/eclipse/configuration/org.eclipse.osgi/217/0/.cp/lib/javaagent-shaded.jar -Dfile.encoding=UTF-8 CheckIfNumberIsInPowersOfTwo

Host: Intel(R) Core(TM) i3-6100U CPU @ 2.30GHz, 4 cores, 3G, Ubuntu 18.04.6 LTS
Time: Wed Jun  8 17:35:12 2022 IST elapsed time: 17224.137583 seconds (0d 4h 47m 4s)

---------------  T H R E A D  ---------------

Current thread (0x00007f751412c000):  JavaThread "Signal Dispatcher" daemon [_thread_in_vm, id=7215, stack(0x00007f74f4ce8000,0x00007f74f4de9000)]

Stack: [0x00007f74f4ce8000,0x00007f74f4de9000],  sp=0x00007f74f4de6220,  free space=1016k
Native frames: (J=compiled Java code, A=aot compiled Java code, j=interpreted, Vv=VM code, C=native code)
C  [libjimage.so+0x2381]
C  [libjimage.so+0x2efa]
C  [libjimage.so+0x33c5]  JIMAGE_FindResource+0xd5
V  [libjvm.so+0x5a0daf]
V  [libjvm.so+0x5a2ecb]
V  [libjvm.so+0xd916ec]
V  [libjvm.so+0xd9032a]
V  [libjvm.so+0xd92816]
V  [libjvm.so+0x64a82d]
V  [libjvm.so+0x83425a]
j  jdk.internal.misc.Signal.dispatch(I)V+25 java.base@11.0.15
v  ~StubRoutines::call_stub
V  [libjvm.so+0x83d143]
V  [libjvm.so+0x83bfd0]
V  [libjvm.so+0xb77639]
V  [libjvm.so+0xdc7610]
V  [libjvm.so+0xdc3759]
V  [libjvm.so+0xb8957e]

Java frames: (J=compiled Java code, j=interpreted, Vv=VM code)
j  jdk.internal.misc.Signal.dispatch(I)V+25 java.base@11.0.15
v  ~StubRoutines::call_stub

siginfo: si_signo: 11 (SIGSEGV), si_code: 1 (SEGV_MAPERR), si_addr: 0x00007f750b825e18

Register to memory mapping:

RAX=0x0000000000001f7f is an unknown value
RBX=0x00007f74f4de62d1 is pointing into the stack for thread: 0x00007f751412c000
RCX=0x00007f750b81e01c is an unknown value
RDX=0x0000000000001f7f is an unknown value
RSP=0x00007f74f4de6220 is pointing into the stack for thread: 0x00007f751412c000
RBP=0x00007f74f4de6240 is pointing into the stack for thread: 0x00007f751412c000
RSI=0x00007f74f4de62d0 is pointing into the stack for thread: 0x00007f751412c000
RDI=0x00007f751b610030: <offset 0x0000000000205030> in /usr/lib/jvm/java-11-openjdk-amd64/lib/libjimage.so at 0x00007f751b40b000
R8 =0x0 is NULL
R9 =0x0000000076100fa4 is an unknown value
R10=0x00007f74f4de62f3 is pointing into the stack for thread: 0x00007f751412c000
R11=0x00007f751e1cf3c0: <offset 0x00000000001af3c0> in /lib/x86_64-linux-gnu/libc.so.6 at 0x00007f751e020000
R12=0x00007f74f4de62d0 is pointing into the stack for thread: 0x00007f751412c000
R13=0x000000000000848b is an unknown value
R14=0x00007f74f4de7368 is pointing into the stack for thread: 0x00007f751412c000
R15=0x00007f751412c960 points into unknown readable memory: 0x65746e692f6b646a | 6a 64 6b 2f 69 6e 74 65


Registers:
RAX=0x0000000000001f7f, RBX=0x00007f74f4de62d1, RCX=0x00007f750b81e01c, RDX=0x0000000000001f7f
RSP=0x00007f74f4de6220, RBP=0x00007f74f4de6240, RSI=0x00007f74f4de62d0, RDI=0x00007f751b610030
R8 =0x0000000000000000, R9 =0x0000000076100fa4, R10=0x00007f74f4de62f3, R11=0x00007f751e1cf3c0
R12=0x00007f74f4de62d0, R13=0x000000000000848b, R14=0x00007f74f4de7368, R15=0x00007f751412c960
RIP=0x00007f751b40d381, EFLAGS=0x0000000000010246, CSGSFS=0x002b000000000033, ERR=0x0000000000000004
  TRAPNO=0x000000000000000e

Top of Stack: (sp=0x00007f74f4de6220)
0x00007f74f4de6220:   0000000000000000 00007f7514025310
0x00007f74f4de6230:   0000000000000000 00007f74f4de62d0
0x00007f74f4de6240:   00007f74f4de62b0 00007f751b40defa
0x00007f74f4de6250:   0000000000000000 0000000000000000 

Instructions: (pc=0x00007f751b40d381)
0x00007f751b40d281:   48 89 df 48 89 4d 88 e8 53 f3 ff ff 48 8b 4d 88
0x00007f751b40d291:   44 03 6d 90 e9 42 fd ff ff 66 0f 1f 44 00 00 8b
0x00007f751b40d2a1:   08 41 89 0e 44 89 c1 8b 74 08 fc 41 89 74 0e fc
0x00007f751b40d2b1:   e9 d8 fe ff ff 66 2e 0f 1f 84 00 00 00 00 00 b9
0x00007f751b40d2c1:   0a 00 00 00 e9 95 fd ff ff 44 89 c1 0f b7 74 08
0x00007f751b40d2d1:   fe 66 41 89 74 0e fe e9 b1 fe ff ff 0f 1f 00 0f
0x00007f751b40d2e1:   b6 17 89 f1 4c 8d 47 01 84 d2 74 1a 0f 1f 00 69
0x00007f751b40d2f1:   c9 93 01 00 01 49 83 c0 01 31 d1 41 0f b6 50 ff
0x00007f751b40d301:   84 d2 75 eb 89 ce 89 f0 25 ff ff ff 7f c3 90 48
0x00007f751b40d311:   85 d2 0f 84 e1 00 00 00 85 c9 0f 84 d9 00 00 00
0x00007f751b40d321:   55 48 89 e5 41 55 41 54 53 48 8d 5e 01 48 83 ec
0x00007f751b40d331:   08 44 0f b6 06 45 84 c0 0f 84 b1 00 00 00 49 89
0x00007f751b40d341:   da b8 93 01 00 01 66 0f 1f 84 00 00 00 00 00 44
0x00007f751b40d351:   69 c8 93 01 00 01 49 83 c2 01 41 0f b6 c0 45 0f
0x00007f751b40d361:   b6 42 ff 44 31 c8 45 84 c0 75 e4 25 ff ff ff 7f
0x00007f751b40d371:   41 89 cd 48 89 d1 31 d2 49 89 f4 41 f7 f5 89 d0
0x00007f751b40d381:   8b 34 81 48 8b 07 ff 50 20 85 c0 7f 22 ba ff ff
0x00007f751b40d391:   ff ff 74 04 f7 d0 89 c2 48 83 c4 08 89 d0 5b 41
0x00007f751b40d3a1:   5c 41 5d 5d c3 66 2e 0f 1f 84 00 00 00 00 00 41
0x00007f751b40d3b1:   0f b6 34 24 89 c7 40 84 f6 74 1b 0f 1f 40 00 69
0x00007f751b40d3c1:   ff 93 01 00 01 48 83 c3 01 31 f7 0f b6 73 ff 40
0x00007f751b40d3d1:   84 f6 75 eb 89 f8 25 ff ff ff 7f 31 d2 48 83 c4
0x00007f751b40d3e1:   08 41 f7 f5 5b 41 5c 41 5d 5d 89 d0 c3 66 90 b8
0x00007f751b40d3f1:   93 01 00 01 e9 77 ff ff ff 83 ca ff 89 d0 c3 0f
0x00007f751b40d401:   b6 17 48 89 f8 84 d2 75 19 eb 1e 0f 1f 40 00 38
0x00007f751b40d411:   ca 75 1c 48 83 c0 01 0f b6 10 48 83 c6 01 84 d2
0x00007f751b40d421:   74 15 0f b6 0e 84 c9 75 e6 c3 0f 1f 44 00 00 31
0x00007f751b40d431:   c0 c3 0f 1f 44 00 00 c3 90 66 0f 1f 44 00 00 48
0x00007f751b40d441:   85 f6 74 5a 0f b6 06 84 c0 74 54 0f 1f 40 00 0f
0x00007f751b40d451:   b6 d0 83 e0 07 c1 fa 03 44 8d 50 01 0f b6 c0 41
0x00007f751b40d461:   89 d1 4c 8d 44 06 02 48 8d 56 01 31 c0 66 90 0f
0x00007f751b40d471:   b6 0a 48 c1 e0 08 48 83 c2 01 48 09 c8 49 39 d0 


Stack slot to memory mapping:
stack at sp + 0 slots: 0x0 is NULL
stack at sp + 1 slots: 0x00007f7514025310 points into unknown readable memory: 0x00007f74b8008490 | 90 84 00 b8 74 7f 00 00
stack at sp + 2 slots: 0x0 is NULL
stack at sp + 3 slots: 0x00007f74f4de62d0 is pointing into the stack for thread: 0x00007f751412c000
stack at sp + 4 slots: 0x00007f74f4de62b0 is pointing into the stack for thread: 0x00007f751412c000
stack at sp + 5 slots: 0x00007f751b40defa: <offset 0x0000000000002efa> in /usr/lib/jvm/java-11-openjdk-amd64/lib/libjimage.so at 0x00007f751b40b000
stack at sp + 6 slots: 0x0 is NULL
stack at sp + 7 slots: 0x0 is NULL


---------------  P R O C E S S  ---------------

Threads class SMR info:
_java_thread_list=0x00007f74b0001bc0, length=11, elements={
0x00007f7514018800, 0x00007f7514124800, 0x00007f7514126800, 0x00007f751412c000,
0x00007f751412e000, 0x00007f7514130000, 0x00007f7514132000, 0x00007f7514134000,
0x00007f751416a000, 0x00007f75141b4000, 0x00007f75141b8000
}

Java Threads: ( => current thread )
  0x00007f7514018800 JavaThread "main" [_thread_blocked, id=7202, stack(0x00007f751e72e000,0x00007f751e82f000)]
  0x00007f7514124800 JavaThread "Reference Handler" daemon [_thread_blocked, id=7209, stack(0x00007f751807f000,0x00007f7518180000)]
  0x00007f7514126800 JavaThread "Finalizer" daemon [_thread_blocked, id=7213, stack(0x00007f74f50c7000,0x00007f74f51c8000)]
=>0x00007f751412c000 JavaThread "Signal Dispatcher" daemon [_thread_in_vm, id=7215, stack(0x00007f74f4ce8000,0x00007f74f4de9000)]
  0x00007f751412e000 JavaThread "Service Thread" daemon [_thread_blocked, id=7216, stack(0x00007f74f4be7000,0x00007f74f4ce8000)]
  0x00007f7514130000 JavaThread "C2 CompilerThread0" daemon [_thread_blocked, id=7217, stack(0x00007f74f4ae6000,0x00007f74f4be7000)]
  0x00007f7514132000 JavaThread "C1 CompilerThread0" daemon [_thread_blocked, id=7218, stack(0x00007f74f49e5000,0x00007f74f4ae6000)]
  0x00007f7514134000 JavaThread "Sweeper thread" daemon [_thread_blocked, id=7219, stack(0x00007f74f48e4000,0x00007f74f49e5000)]
  0x00007f751416a000 JavaThread "Common-Cleaner" daemon [_thread_blocked, id=7220, stack(0x00007f74f47e3000,0x00007f74f48e4000)]
  0x00007f75141b4000 JavaThread "JDWP Transport Listener: dt_socket" daemon [_thread_in_native, id=7222, stack(0x00007f74f44dc000,0x00007f74f45dd000)]
  0x00007f75141b8000 JavaThread "JDWP Event Helper Thread" daemon [_thread_blocked, id=7225, stack(0x00007f74f43db000,0x00007f74f44dc000)]

Other Threads:
  0x00007f7514121800 VMThread "VM Thread" [stack: 0x00007f7518182000,0x00007f7518282000] [id=7208]
  0x00007f7514250800 WatcherThread [stack: 0x00007f74b7cea000,0x00007f74b7dea000] [id=7228]
  0x00007f7514030800 GCTaskThread